2019-05-16T11:05:47.547Z - normal: Load ~/.CocosCreator/settings.json
2019-05-16T11:05:47.600Z - normal: Initializing Asset Database
2019-05-16T11:05:47.604Z - normal: checking language setting...
2019-05-16T11:05:47.604Z - normal: Language: zh
2019-05-16T11:05:48.323Z - success: preview server running at http://localhost:7456
2019-05-16T11:05:48.368Z - success: protocol editor-framework registered
2019-05-16T11:05:48.368Z - success: protocol app registered
2019-05-16T11:05:48.368Z - success: protocol theme registered
2019-05-16T11:05:48.368Z - success: protocol packages registered
2019-05-16T11:05:48.368Z - success: protocol uuid registerred
2019-05-16T11:05:48.369Z - success: protocol db registerred
2019-05-16T11:05:48.369Z - success: protocol thumbnail registerred
2019-05-16T11:05:48.369Z - success: protocol unpack registerred
2019-05-16T11:05:48.369Z - success: protocol disable-commonjs registerred
2019-05-16T11:05:48.498Z - normal: connected!
2019-05-16T11:05:48.499Z - normal: Check project /Users/daichunfeng/git/EnWordSpell
2019-05-16T11:05:48.501Z - normal: Initializing project /Users/daichunfeng/git/EnWordSpell
2019-05-16T11:05:48.826Z - normal: Initializing Cocos2d
2019-05-16T11:05:49.514Z - normal: Initializing engine extends
2019-05-16T11:05:49.548Z - success: asset-db-debugger loaded
2019-05-16T11:05:49.549Z - success: baidu-adapter loaded
2019-05-16T11:05:49.550Z - success: color-picker loaded
2019-05-16T11:05:49.636Z - success: fb-audience-network loaded
2019-05-16T11:05:49.678Z - success: fb-live-stream loaded
2019-05-16T11:05:49.681Z - success: google-play-instant loaded
2019-05-16T11:05:49.688Z - success: huawei-runtime loaded
2019-05-16T11:05:49.690Z - success: jsb-adapter loaded
2019-05-16T11:05:49.695Z - success: oppo-runtime loaded
2019-05-16T11:05:49.711Z - success: package-manager loaded
2019-05-16T11:05:49.842Z - success: qqplay-adapter loaded
2019-05-16T11:05:49.845Z - success: runtime-dev-tools loaded
2019-05-16T11:05:49.861Z - success: sdkbox loaded
2019-05-16T11:05:49.875Z - success: tester loaded
2019-05-16T11:05:49.890Z - success: ui-grid loaded
2019-05-16T11:05:49.903Z - success: ui-kit-preview-extra loaded
2019-05-16T11:05:49.915Z - success: ui-kit-preview loaded
2019-05-16T11:05:49.927Z - success: ui-kit loaded
2019-05-16T11:05:49.940Z - success: ui-tree loaded
2019-05-16T11:05:49.945Z - success: vivo-runtime loaded
2019-05-16T11:05:49.946Z - success: weapp-adapter loaded
2019-05-16T11:05:49.995Z - success: assets loaded
2019-05-16T11:05:50.007Z - success: builder loaded
2019-05-16T11:05:50.241Z - success: cocos-services loaded
2019-05-16T11:05:50.255Z - success: console loaded
2019-05-16T11:05:50.284Z - success: fb-instant-games loaded
2019-05-16T11:05:50.287Z - success: google-instant-games loaded
2019-05-16T11:05:50.302Z - success: hierarchy loaded
2019-05-16T11:05:50.314Z - success: inspector loaded
2019-05-16T11:05:50.316Z - success: keystore loaded
2019-05-16T11:05:50.331Z - success: node-library loaded
2019-05-16T11:05:50.332Z - success: package-asset loaded
2019-05-16T11:05:50.333Z - success: preferences loaded
2019-05-16T11:05:50.346Z - success: project-exporter loaded
2019-05-16T11:05:50.360Z - success: project-importer loaded
2019-05-16T11:05:50.402Z - success: project-settings loaded
2019-05-16T11:05:50.418Z - success: scene loaded
2019-05-16T11:05:50.420Z - success: simulator-debugger loaded
2019-05-16T11:05:50.421Z - success: sprite-editor loaded
2019-05-16T11:05:50.435Z - success: store loaded
2019-05-16T11:05:50.497Z - success: timeline loaded
2019-05-16T11:05:51.691Z - info: Cocos Services load base data!
2019-05-16T11:05:52.001Z - normal: Loading packages
2019-05-16T11:05:52.004Z - normal: Watching packages
2019-05-16T11:05:52.091Z - normal: Run Application
2019-05-16T11:10:01.619Z - normal: Simulator: WORKAREA WIDTH 1920.00, HEIGHT 1035.00
2019-05-16T11:10:01.620Z - normal: Simulator: FRAME SCALE = 0.75
2019-05-16T11:10:01.714Z - normal: Simulator: GLFWError #65544 Happen, Cocoa: Failed to retrieve display name
2019-05-16T11:10:01.714Z - normal: Simulator: GLFWError #65544 Happen, Cocoa: Failed to retrieve display name
2019-05-16T11:10:01.715Z - normal: Simulator: 
2019-05-16T11:10:01.715Z - normal: Simulator: {
2019-05-16T11:10:01.715Z - normal: Simulator: 	build_type: DEBUG
2019-05-16T11:10:01.716Z - normal: Simulator: 	gl.vendor: Intel Inc.
2019-05-16T11:10:01.716Z - normal: Simulator: 	gl.supports_PVRTC: false
2019-05-16T11:10:01.716Z - normal: Simulator: 	gl.renderer: Intel(R) Iris(TM) Plus Graphics 655
2019-05-16T11:10:01.716Z - normal: Simulator: 	gl.supports_ATITC: false
2019-05-16T11:10:01.716Z - normal: Simulator: 	gl.supports_discard_framebuffer: false
2019-05-16T11:10:01.717Z - normal: Simulator: 	gl.supports_NPOT: true
2019-05-16T11:10:01.717Z - normal: Simulator: 	gl.max_texture_units: 16
2019-05-16T11:10:01.717Z - normal: Simulator: 	gl.supports_ETC1: false
2019-05-16T11:10:01.717Z - normal: Simulator: 	gl.max_texture_size: 16384
2019-05-16T11:10:01.717Z - normal: Simulator: 	gl.supports_BGRA8888: false
2019-05-16T11:10:01.718Z - normal: Simulator: 	gl.supports_vertex_array_object: true
2019-05-16T11:10:01.718Z - normal: Simulator: 	gl.supports_OES_map_buffer: false
2019-05-16T11:10:01.718Z - normal: Simulator: 	compiled_with_gl_state_cache: true
2019-05-16T11:10:01.718Z - normal: Simulator: 	gl.supports_OES_packed_depth_stencil: false
2019-05-16T11:10:01.719Z - normal: Simulator: 	gl.version: 2.1 INTEL-12.8.38
2019-05-16T11:10:01.719Z - normal: Simulator: 	gl.supports_S3TC: true
2019-05-16T11:10:01.719Z - normal: Simulator: 	compiled_with_profiler: false
2019-05-16T11:10:01.719Z - normal: Simulator: 	gl.supports_OES_depth24: false
2019-05-16T11:10:01.719Z - normal: Simulator: }
2019-05-16T11:10:01.753Z - normal: Simulator: Project Config:
2019-05-16T11:10:01.753Z - normal: Simulator:     project dir: /Applications/CocosCreator 2.0.9.app/Contents/Resources/cocos2d-x/simulator/mac/Simulator.app/Contents/Resources/
2019-05-16T11:10:01.753Z - normal: Simulator:     writable path: $(PROJDIR)/
2019-05-16T11:10:01.754Z - normal: Simulator:     script file: $(PROJDIR)/main.js
2019-05-16T11:10:01.754Z - normal: Simulator:     frame size: 2208 x 1242
2019-05-16T11:10:01.754Z - normal: Simulator:     frame scale: 0.75
2019-05-16T11:10:01.754Z - normal: Simulator:     show console: NO
2019-05-16T11:10:01.754Z - normal: Simulator:     write debug log: NO ()
2019-05-16T11:10:01.754Z - normal: Simulator:     listen: 
2019-05-16T11:10:01.755Z - normal: Simulator:     debugger: none
2019-05-16T11:10:01.755Z - normal: Simulator:     add searching path:
2019-05-16T11:10:01.755Z - normal: Simulator: resetDesignResolution request
2019-05-16T11:10:01.755Z - normal: Simulator: ------------------------------------------------
2019-05-16T11:10:01.755Z - normal: Simulator: LOAD Js FILE: jsb-adapter/jsb-builtin.js
2019-05-16T11:10:01.755Z - normal: Simulator: ------------------------------------------------
2019-05-16T11:10:01.756Z - normal: Simulator: Initializing V8, version: 6.5.254.43
2019-05-16T11:10:01.799Z - normal: Simulator: libuv version: 1.23.1-dev
2019-05-16T11:10:01.800Z - normal: Simulator: Debugger listening..., visit [ chrome-devtools://devtools/bundled/inspector.html?v8only=true&ws=0.0.0.0:5086/00010002-0003-4004-8005-000600070008 ] in chrome browser to debug!
2019-05-16T11:10:01.800Z - normal: Simulator: For help see https://nodejs.org/en/docs/inspector
2019-05-16T11:10:01.856Z - normal: Simulator: JS: Enable batch GL commands optimization!
2019-05-16T11:10:01.859Z - normal: Simulator: resetDesignResolution request
2019-05-16T11:10:01.859Z - normal: Simulator: ------------------------------------------------
2019-05-16T11:10:01.859Z - normal: Simulator: LOAD Js FILE: main.js
2019-05-16T11:10:01.859Z - normal: Simulator: ------------------------------------------------
2019-05-16T11:10:02.179Z - normal: Simulator: iShow!
2019-05-16T11:10:02.351Z - normal: Simulator: glGetIntegerv: pname: 0x8b4c
2019-05-16T11:10:02.363Z - normal: Simulator: JS: Cocos Creator v2.0.9
2019-05-16T11:10:02.526Z - normal: Simulator: JS: Loading word list
2019-05-16T11:10:02.526Z - normal: Simulator: JS: [WARN]: loadRes: should not specify the extname in words .json
2019-05-16T11:10:02.585Z - normal: Simulator: JS: [WARN]: loadRes: should not specify the extname in config .json
2019-05-16T11:10:02.624Z - normal: Simulator: JS: Loaded 61435 words.
2019-05-16T11:10:03.610Z - normal: Simulator: ScriptEngine::cleanup begin ...
2019-05-16T11:10:03.610Z - normal: Simulator: GC begin ..., (js->native map) size: 46, all objects: 130
2019-05-16T11:10:03.643Z - normal: Simulator: GC end ..., (js->native map) size: 46, all objects: 130
2019-05-16T11:10:03.643Z - normal: Simulator: GC begin ..., (js->native map) size: 46, all objects: 130
2019-05-16T11:10:03.670Z - normal: Simulator: GC end ..., (js->native map) size: 46, all objects: 130
2019-05-16T11:10:03.671Z - normal: Simulator: Destroy WebGLTexture (19) by GC
2019-05-16T11:10:03.671Z - normal: Simulator: Destroy WebGLTexture (17) by GC
2019-05-16T11:10:03.671Z - normal: Simulator: Destroy WebGLTexture (16) by GC
2019-05-16T11:10:03.672Z - normal: Simulator: Destroy WebGLTexture (13) by GC
2019-05-16T11:10:03.673Z - normal: Simulator: Destroy WebGLTexture (15) by GC
2019-05-16T11:10:03.674Z - normal: Simulator: Destroy WebGLTexture (12) by GC
2019-05-16T11:10:03.674Z - normal: Simulator: Destroy WebGLTexture (11) by GC
2019-05-16T11:10:03.674Z - normal: Simulator: Destroy WebGLProgram (3) by GC
2019-05-16T11:10:03.674Z - normal: Simulator: Destroy WebGLTexture (10) by GC
2019-05-16T11:10:03.674Z - normal: Simulator: Destroy WebGLTexture (9) by GC
2019-05-16T11:10:03.675Z - normal: Simulator: Destroy WebGLBuffer (8) by GC
2019-05-16T11:10:03.675Z - normal: Simulator: Destroy WebGLBuffer (6) by GC
2019-05-16T11:10:03.675Z - normal: Simulator: Destroy WebGLTexture (8) by GC
2019-05-16T11:10:03.675Z - normal: Simulator: Destroy WebGLTexture (7) by GC
2019-05-16T11:10:03.675Z - normal: Simulator: Destroy WebGLTexture (6) by GC
2019-05-16T11:10:03.675Z - normal: Simulator: Destroy WebGLTexture (5) by GC
2019-05-16T11:10:03.676Z - normal: Simulator: Destroy WebGLTexture (4) by GC
2019-05-16T11:10:03.676Z - normal: Simulator: Destroy WebGLBuffer (7) by GC
2019-05-16T11:10:03.676Z - normal: Simulator: Destroy WebGLTexture (3) by GC
2019-05-16T11:10:03.676Z - normal: Simulator: Destroy WebGLTexture (2) by GC
2019-05-16T11:10:03.676Z - normal: Simulator: Destroy WebGLBuffer (4) by GC
2019-05-16T11:10:03.676Z - normal: Simulator: Destroy WebGLBuffer (3) by GC
2019-05-16T11:10:03.677Z - normal: Simulator: Destroy WebGLBuffer (5) by GC
2019-05-16T11:10:03.677Z - normal: Simulator: Destroy WebGLFramebuffer (1) by GC
2019-05-16T11:10:03.677Z - normal: Simulator: Destroy WebGLTexture (1) by GC
2019-05-16T11:10:03.677Z - normal: Simulator: Destroy WebGLBuffer (2) by GC
2019-05-16T11:10:03.677Z - normal: Simulator: Destroy WebGLTexture (14) by GC
2019-05-16T11:10:03.677Z - normal: Simulator: Destroy WebGLBuffer (1) by GC
2019-05-16T11:10:03.678Z - normal: Simulator: Destroy WebGLTexture (18) by GC
2019-05-16T11:10:03.678Z - normal: Simulator: GC begin ..., (js->native map) size: 0, all objects: 0
2019-05-16T11:10:03.700Z - normal: Simulator: GC end ..., (js->native map) size: 0, all objects: 0
2019-05-16T11:10:03.708Z - normal: Simulator: ScriptEngine::cleanup end ...
2019-05-16T11:11:10.162Z - normal: Simulator: WORKAREA WIDTH 1920.00, HEIGHT 1035.00
2019-05-16T11:11:10.162Z - normal: Simulator: FRAME SCALE = 0.75
2019-05-16T11:11:10.261Z - normal: Simulator: GLFWError #65544 Happen, Cocoa: Failed to retrieve display name
2019-05-16T11:11:10.261Z - normal: Simulator: GLFWError #65544 Happen, Cocoa: Failed to retrieve display name
2019-05-16T11:11:10.261Z - normal: Simulator: 
2019-05-16T11:11:10.262Z - normal: Simulator: {
2019-05-16T11:11:10.262Z - normal: Simulator: 	build_type: DEBUG
2019-05-16T11:11:10.262Z - normal: Simulator: 	gl.vendor: Intel Inc.
2019-05-16T11:11:10.262Z - normal: Simulator: 	gl.supports_PVRTC: false
2019-05-16T11:11:10.262Z - normal: Simulator: 	gl.renderer: Intel(R) Iris(TM) Plus Graphics 655
2019-05-16T11:11:10.263Z - normal: Simulator: 	gl.supports_ATITC: false
2019-05-16T11:11:10.263Z - normal: Simulator: 	gl.supports_discard_framebuffer: false
2019-05-16T11:11:10.263Z - normal: Simulator: 	gl.supports_NPOT: true
2019-05-16T11:11:10.263Z - normal: Simulator: 	gl.max_texture_units: 16
2019-05-16T11:11:10.263Z - normal: Simulator: 	gl.supports_ETC1: false
2019-05-16T11:11:10.263Z - normal: Simulator: 	gl.max_texture_size: 16384
2019-05-16T11:11:10.263Z - normal: Simulator: 	gl.supports_BGRA8888: false
2019-05-16T11:11:10.263Z - normal: Simulator: 	gl.supports_vertex_array_object: true
2019-05-16T11:11:10.264Z - normal: Simulator: 	gl.supports_OES_map_buffer: false
2019-05-16T11:11:10.264Z - normal: Simulator: 	compiled_with_gl_state_cache: true
2019-05-16T11:11:10.264Z - normal: Simulator: 	gl.supports_OES_packed_depth_stencil: false
2019-05-16T11:11:10.264Z - normal: Simulator: 	gl.version: 2.1 INTEL-12.8.38
2019-05-16T11:11:10.265Z - normal: Simulator: 	gl.supports_S3TC: true
2019-05-16T11:11:10.265Z - normal: Simulator: 	compiled_with_profiler: false
2019-05-16T11:11:10.265Z - normal: Simulator: 	gl.supports_OES_depth24: false
2019-05-16T11:11:10.265Z - normal: Simulator: }
2019-05-16T11:11:10.284Z - normal: Simulator: Project Config:
2019-05-16T11:11:10.285Z - normal: Simulator:     project dir: /Applications/CocosCreator 2.0.9.app/Contents/Resources/cocos2d-x/simulator/mac/Simulator.app/Contents/Resources/
2019-05-16T11:11:10.285Z - normal: Simulator:     writable path: $(PROJDIR)/
2019-05-16T11:11:10.285Z - normal: Simulator:     script file: $(PROJDIR)/main.js
2019-05-16T11:11:10.285Z - normal: Simulator:     frame size: 2208 x 1242
2019-05-16T11:11:10.286Z - normal: Simulator:     frame scale: 0.75
2019-05-16T11:11:10.286Z - normal: Simulator:     show console: NO
2019-05-16T11:11:10.287Z - normal: Simulator:     write debug log: NO ()
2019-05-16T11:11:10.287Z - normal: Simulator:     listen: 
2019-05-16T11:11:10.288Z - normal: Simulator:     debugger: none
2019-05-16T11:11:10.288Z - normal: Simulator:     add searching path:
2019-05-16T11:11:10.288Z - normal: Simulator: resetDesignResolution request
2019-05-16T11:11:10.290Z - normal: Simulator: ------------------------------------------------
2019-05-16T11:11:10.290Z - normal: Simulator: LOAD Js FILE: jsb-adapter/jsb-builtin.js
2019-05-16T11:11:10.290Z - normal: Simulator: ------------------------------------------------
2019-05-16T11:11:10.290Z - normal: Simulator: Initializing V8, version: 6.5.254.43
2019-05-16T11:11:10.322Z - normal: Simulator: libuv version: 1.23.1-dev
2019-05-16T11:11:10.344Z - normal: Simulator: Debugger listening..., visit [ chrome-devtools://devtools/bundled/inspector.html?v8only=true&ws=0.0.0.0:5086/00010002-0003-4004-8005-000600070008 ] in chrome browser to debug!
2019-05-16T11:11:10.344Z - normal: Simulator: For help see https://nodejs.org/en/docs/inspector
2019-05-16T11:11:10.389Z - normal: Simulator: JS: Enable batch GL commands optimization!
2019-05-16T11:11:10.391Z - normal: Simulator: resetDesignResolution request
2019-05-16T11:11:10.391Z - normal: Simulator: ------------------------------------------------
2019-05-16T11:11:10.391Z - normal: Simulator: LOAD Js FILE: main.js
2019-05-16T11:11:10.391Z - normal: Simulator: ------------------------------------------------
2019-05-16T11:11:10.683Z - normal: Simulator: iShow!
2019-05-16T11:11:10.855Z - normal: Simulator: glGetIntegerv: pname: 0x8b4c
2019-05-16T11:11:10.865Z - normal: Simulator: JS: Cocos Creator v2.0.9
2019-05-16T11:11:11.028Z - normal: Simulator: JS: Loading word list
2019-05-16T11:11:11.029Z - normal: Simulator: JS: [WARN]: loadRes: should not specify the extname in words .json
2019-05-16T11:11:11.088Z - normal: Simulator: JS: [WARN]: loadRes: should not specify the extname in config .json
2019-05-16T11:11:11.137Z - normal: Simulator: JS: Loaded 61435 words.
2019-05-16T11:11:15.916Z - normal: Simulator: ScriptEngine::cleanup begin ...
2019-05-16T11:11:15.917Z - normal: Simulator: GC begin ..., (js->native map) size: 46, all objects: 130
2019-05-16T11:11:15.953Z - normal: Simulator: GC end ..., (js->native map) size: 46, all objects: 130
2019-05-16T11:11:15.953Z - normal: Simulator: GC begin ..., (js->native map) size: 46, all objects: 130
2019-05-16T11:11:15.975Z - normal: Simulator: GC end ..., (js->native map) size: 46, all objects: 130
2019-05-16T11:11:15.976Z - normal: Simulator: Destroy WebGLProgram (3) by GC
2019-05-16T11:11:15.976Z - normal: Simulator: Destroy WebGLTexture (19) by GC
2019-05-16T11:11:15.976Z - normal: Simulator: Destroy WebGLTexture (15) by GC
2019-05-16T11:11:15.977Z - normal: Simulator: Destroy WebGLTexture (12) by GC
2019-05-16T11:11:15.978Z - normal: Simulator: Destroy WebGLTexture (10) by GC
2019-05-16T11:11:15.978Z - normal: Simulator: Destroy WebGLTexture (9) by GC
2019-05-16T11:11:15.979Z - normal: Simulator: Destroy WebGLTexture (16) by GC
2019-05-16T11:11:15.979Z - normal: Simulator: Destroy WebGLTexture (11) by GC
2019-05-16T11:11:15.979Z - normal: Simulator: Destroy WebGLBuffer (8) by GC
2019-05-16T11:11:15.979Z - normal: Simulator: Destroy WebGLBuffer (1) by GC
2019-05-16T11:11:15.979Z - normal: Simulator: Destroy WebGLTexture (8) by GC
2019-05-16T11:11:15.979Z - normal: Simulator: Destroy WebGLTexture (7) by GC
2019-05-16T11:11:15.980Z - normal: Simulator: Destroy WebGLBuffer (5) by GC
2019-05-16T11:11:15.980Z - normal: Simulator: Destroy WebGLTexture (3) by GC
2019-05-16T11:11:15.980Z - normal: Simulator: Destroy WebGLTexture (6) by GC
2019-05-16T11:11:15.980Z - normal: Simulator: Destroy WebGLTexture (5) by GC
2019-05-16T11:11:15.981Z - normal: Simulator: Destroy WebGLTexture (4) by GC
2019-05-16T11:11:15.981Z - normal: Simulator: Destroy WebGLTexture (2) by GC
2019-05-16T11:11:15.981Z - normal: Simulator: Destroy WebGLTexture (17) by GC
2019-05-16T11:11:15.981Z - normal: Simulator: Destroy WebGLBuffer (4) by GC
2019-05-16T11:11:15.981Z - normal: Simulator: Destroy WebGLTexture (1) by GC
2019-05-16T11:11:15.981Z - normal: Simulator: Destroy WebGLFramebuffer (1) by GC
2019-05-16T11:11:15.981Z - normal: Simulator: Destroy WebGLBuffer (7) by GC
2019-05-16T11:11:15.982Z - normal: Simulator: Destroy WebGLTexture (18) by GC
2019-05-16T11:11:15.982Z - normal: Simulator: Destroy WebGLBuffer (3) by GC
2019-05-16T11:11:15.982Z - normal: Simulator: Destroy WebGLBuffer (2) by GC
2019-05-16T11:11:15.982Z - normal: Simulator: Destroy WebGLTexture (14) by GC
2019-05-16T11:11:15.982Z - normal: Simulator: Destroy WebGLTexture (13) by GC
2019-05-16T11:11:15.982Z - normal: Simulator: Destroy WebGLBuffer (6) by GC
2019-05-16T11:11:15.982Z - normal: Simulator: GC begin ..., (js->native map) size: 0, all objects: 0
2019-05-16T11:11:16.004Z - normal: Simulator: GC end ..., (js->native map) size: 0, all objects: 0
2019-05-16T11:11:16.012Z - normal: Simulator: ScriptEngine::cleanup end ...
2019-05-16T11:11:22.983Z - info: shutdown preview server
